/storage/homefs/ac18b057/MIALab/bin/../mialab/filtering/postprocessing.py:33: UserWarning: No post-processing implemented. Can you think about something?
  warnings.warn('No post-processing implemented. Can you think about something?')
/storage/homefs/ac18b057/MIALab/bin/../mialab/filtering/postprocessing.py:33: UserWarning: No post-processing implemented. Can you think about something?
  warnings.warn('No post-processing implemented. Can you think about something?')
/storage/homefs/ac18b057/MIALab/bin/../mialab/filtering/postprocessing.py:33: UserWarning: No post-processing implemented. Can you think about something?
  warnings.warn('No post-processing implemented. Can you think about something?')
/storage/homefs/ac18b057/MIALab/bin/../mialab/filtering/postprocessing.py:33: UserWarning: No post-processing implemented. Can you think about something?
  warnings.warn('No post-processing implemented. Can you think about something?')
/storage/homefs/ac18b057/MIALab/bin/../mialab/filtering/postprocessing.py:33: UserWarning: No post-processing implemented. Can you think about something?
  warnings.warn('No post-processing implemented. Can you think about something?')
/storage/homefs/ac18b057/MIALab/bin/../mialab/filtering/postprocessing.py:33: UserWarning: No post-processing implemented. Can you think about something?
  warnings.warn('No post-processing implemented. Can you think about something?')
/storage/homefs/ac18b057/MIALab/bin/../mialab/filtering/postprocessing.py:33: UserWarning: No post-processing implemented. Can you think about something?
  warnings.warn('No post-processing implemented. Can you think about something?')
/storage/homefs/ac18b057/MIALab/bin/../mialab/filtering/postprocessing.py:33: UserWarning: No post-processing implemented. Can you think about something?
  warnings.warn('No post-processing implemented. Can you think about something?')
/storage/homefs/ac18b057/MIALab/bin/../mialab/filtering/postprocessing.py:33: UserWarning: No post-processing implemented. Can you think about something?
  warnings.warn('No post-processing implemented. Can you think about something?')
/storage/homefs/ac18b057/MIALab/bin/../mialab/filtering/postprocessing.py:33: UserWarning: No post-processing implemented. Can you think about something?
  warnings.warn('No post-processing implemented. Can you think about something?')
/storage/homefs/ac18b057/MIALab/bin/../mialab/filtering/postprocessing.py:33: UserWarning: No post-processing implemented. Can you think about something?
  warnings.warn('No post-processing implemented. Can you think about something?')
/storage/homefs/ac18b057/MIALab/bin/../mialab/filtering/postprocessing.py:33: UserWarning: No post-processing implemented. Can you think about something?
  warnings.warn('No post-processing implemented. Can you think about something?')
/storage/homefs/ac18b057/MIALab/bin/../mialab/filtering/postprocessing.py:33: UserWarning: No post-processing implemented. Can you think about something?
  warnings.warn('No post-processing implemented. Can you think about something?')
/storage/homefs/ac18b057/MIALab/bin/../mialab/filtering/postprocessing.py:33: UserWarning: No post-processing implemented. Can you think about something?
  warnings.warn('No post-processing implemented. Can you think about something?')
/storage/homefs/ac18b057/MIALab/bin/../mialab/filtering/postprocessing.py:33: UserWarning: No post-processing implemented. Can you think about something?
  warnings.warn('No post-processing implemented. Can you think about something?')
/storage/homefs/ac18b057/MIALab/bin/../mialab/filtering/postprocessing.py:33: UserWarning: No post-processing implemented. Can you think about something?
  warnings.warn('No post-processing implemented. Can you think about something?')
/storage/homefs/ac18b057/MIALab/bin/../mialab/filtering/postprocessing.py:33: UserWarning: No post-processing implemented. Can you think about something?
  warnings.warn('No post-processing implemented. Can you think about something?')
/storage/homefs/ac18b057/MIALab/bin/../mialab/filtering/postprocessing.py:33: UserWarning: No post-processing implemented. Can you think about something?
  warnings.warn('No post-processing implemented. Can you think about something?')
/storage/homefs/ac18b057/MIALab/bin/../mialab/filtering/postprocessing.py:33: UserWarning: No post-processing implemented. Can you think about something?
  warnings.warn('No post-processing implemented. Can you think about something?')
/storage/homefs/ac18b057/MIALab/bin/../mialab/filtering/postprocessing.py:33: UserWarning: No post-processing implemented. Can you think about something?
  warnings.warn('No post-processing implemented. Can you think about something?')
/storage/homefs/ac18b057/MIALab/bin/../mialab/filtering/postprocessing.py:33: UserWarning: No post-processing implemented. Can you think about something?
  warnings.warn('No post-processing implemented. Can you think about something?')
/storage/homefs/ac18b057/MIALab/bin/../mialab/filtering/postprocessing.py:33: UserWarning: No post-processing implemented. Can you think about something?
  warnings.warn('No post-processing implemented. Can you think about something?')
/storage/homefs/ac18b057/MIALab/bin/../mialab/filtering/postprocessing.py:33: UserWarning: No post-processing implemented. Can you think about something?
  warnings.warn('No post-processing implemented. Can you think about something?')
/storage/homefs/ac18b057/MIALab/bin/../mialab/filtering/postprocessing.py:33: UserWarning: No post-processing implemented. Can you think about something?
  warnings.warn('No post-processing implemented. Can you think about something?')
/storage/homefs/ac18b057/MIALab/bin/../mialab/filtering/postprocessing.py:33: UserWarning: No post-processing implemented. Can you think about something?
  warnings.warn('No post-processing implemented. Can you think about something?')
/storage/homefs/ac18b057/MIALab/bin/../mialab/filtering/postprocessing.py:33: UserWarning: No post-processing implemented. Can you think about something?
  warnings.warn('No post-processing implemented. Can you think about something?')
/storage/homefs/ac18b057/MIALab/bin/../mialab/filtering/postprocessing.py:33: UserWarning: No post-processing implemented. Can you think about something?
  warnings.warn('No post-processing implemented. Can you think about something?')
/storage/homefs/ac18b057/MIALab/bin/../mialab/filtering/postprocessing.py:33: UserWarning: No post-processing implemented. Can you think about something?
  warnings.warn('No post-processing implemented. Can you think about something?')
/storage/homefs/ac18b057/MIALab/bin/../mialab/filtering/postprocessing.py:33: UserWarning: No post-processing implemented. Can you think about something?
  warnings.warn('No post-processing implemented. Can you think about something?')
/storage/homefs/ac18b057/MIALab/bin/../mialab/filtering/postprocessing.py:33: UserWarning: No post-processing implemented. Can you think about something?
  warnings.warn('No post-processing implemented. Can you think about something?')
/storage/homefs/ac18b057/MIALab/bin/../mialab/filtering/postprocessing.py:33: UserWarning: No post-processing implemented. Can you think about something?
  warnings.warn('No post-processing implemented. Can you think about something?')
/storage/homefs/ac18b057/MIALab/bin/../mialab/filtering/postprocessing.py:33: UserWarning: No post-processing implemented. Can you think about something?
  warnings.warn('No post-processing implemented. Can you think about something?')
/storage/homefs/ac18b057/MIALab/bin/../mialab/filtering/postprocessing.py:33: UserWarning: No post-processing implemented. Can you think about something?
  warnings.warn('No post-processing implemented. Can you think about something?')
/storage/homefs/ac18b057/MIALab/bin/../mialab/filtering/postprocessing.py:33: UserWarning: No post-processing implemented. Can you think about something?
  warnings.warn('No post-processing implemented. Can you think about something?')
/storage/homefs/ac18b057/MIALab/bin/../mialab/filtering/postprocessing.py:33: UserWarning: No post-processing implemented. Can you think about something?
  warnings.warn('No post-processing implemented. Can you think about something?')
/storage/homefs/ac18b057/MIALab/bin/../mialab/filtering/postprocessing.py:33: UserWarning: No post-processing implemented. Can you think about something?
  warnings.warn('No post-processing implemented. Can you think about something?')
/storage/homefs/ac18b057/MIALab/bin/../mialab/filtering/postprocessing.py:33: UserWarning: No post-processing implemented. Can you think about something?
  warnings.warn('No post-processing implemented. Can you think about something?')
/storage/homefs/ac18b057/MIALab/bin/../mialab/filtering/postprocessing.py:33: UserWarning: No post-processing implemented. Can you think about something?
  warnings.warn('No post-processing implemented. Can you think about something?')
/storage/homefs/ac18b057/MIALab/bin/../mialab/filtering/postprocessing.py:33: UserWarning: No post-processing implemented. Can you think about something?
  warnings.warn('No post-processing implemented. Can you think about something?')
/storage/homefs/ac18b057/MIALab/bin/../mialab/filtering/postprocessing.py:33: UserWarning: No post-processing implemented. Can you think about something?
  warnings.warn('No post-processing implemented. Can you think about something?')
/storage/homefs/ac18b057/MIALab/bin/../mialab/filtering/postprocessing.py:33: UserWarning: No post-processing implemented. Can you think about something?
  warnings.warn('No post-processing implemented. Can you think about something?')
/storage/homefs/ac18b057/MIALab/bin/../mialab/filtering/postprocessing.py:33: UserWarning: No post-processing implemented. Can you think about something?
  warnings.warn('No post-processing implemented. Can you think about something?')
/storage/homefs/ac18b057/MIALab/bin/../mialab/filtering/postprocessing.py:33: UserWarning: No post-processing implemented. Can you think about something?
  warnings.warn('No post-processing implemented. Can you think about something?')
/storage/homefs/ac18b057/MIALab/bin/../mialab/filtering/postprocessing.py:33: UserWarning: No post-processing implemented. Can you think about something?
  warnings.warn('No post-processing implemented. Can you think about something?')
/storage/homefs/ac18b057/MIALab/bin/../mialab/filtering/postprocessing.py:33: UserWarning: No post-processing implemented. Can you think about something?
  warnings.warn('No post-processing implemented. Can you think about something?')
/storage/homefs/ac18b057/MIALab/bin/../mialab/filtering/postprocessing.py:33: UserWarning: No post-processing implemented. Can you think about something?
  warnings.warn('No post-processing implemented. Can you think about something?')
/storage/homefs/ac18b057/MIALab/bin/../mialab/filtering/postprocessing.py:33: UserWarning: No post-processing implemented. Can you think about something?
  warnings.warn('No post-processing implemented. Can you think about something?')
/storage/homefs/ac18b057/MIALab/bin/../mialab/filtering/postprocessing.py:33: UserWarning: No post-processing implemented. Can you think about something?
  warnings.warn('No post-processing implemented. Can you think about something?')
/storage/homefs/ac18b057/MIALab/bin/../mialab/filtering/postprocessing.py:33: UserWarning: No post-processing implemented. Can you think about something?
  warnings.warn('No post-processing implemented. Can you think about something?')
/storage/homefs/ac18b057/MIALab/bin/../mialab/filtering/postprocessing.py:33: UserWarning: No post-processing implemented. Can you think about something?
  warnings.warn('No post-processing implemented. Can you think about something?')
/storage/homefs/ac18b057/MIALab/bin/../mialab/filtering/postprocessing.py:33: UserWarning: No post-processing implemented. Can you think about something?
  warnings.warn('No post-processing implemented. Can you think about something?')
/storage/homefs/ac18b057/MIALab/bin/../mialab/filtering/postprocessing.py:33: UserWarning: No post-processing implemented. Can you think about something?
  warnings.warn('No post-processing implemented. Can you think about something?')
/storage/homefs/ac18b057/MIALab/bin/../mialab/filtering/postprocessing.py:33: UserWarning: No post-processing implemented. Can you think about something?
  warnings.warn('No post-processing implemented. Can you think about something?')
/storage/homefs/ac18b057/MIALab/bin/../mialab/filtering/postprocessing.py:33: UserWarning: No post-processing implemented. Can you think about something?
  warnings.warn('No post-processing implemented. Can you think about something?')
/storage/homefs/ac18b057/MIALab/bin/../mialab/filtering/postprocessing.py:33: UserWarning: No post-processing implemented. Can you think about something?
  warnings.warn('No post-processing implemented. Can you think about something?')
/storage/homefs/ac18b057/MIALab/bin/../mialab/filtering/postprocessing.py:33: UserWarning: No post-processing implemented. Can you think about something?
  warnings.warn('No post-processing implemented. Can you think about something?')
/storage/homefs/ac18b057/MIALab/bin/../mialab/filtering/postprocessing.py:33: UserWarning: No post-processing implemented. Can you think about something?
  warnings.warn('No post-processing implemented. Can you think about something?')
/storage/homefs/ac18b057/MIALab/bin/../mialab/filtering/postprocessing.py:33: UserWarning: No post-processing implemented. Can you think about something?
  warnings.warn('No post-processing implemented. Can you think about something?')
/storage/homefs/ac18b057/MIALab/bin/../mialab/filtering/postprocessing.py:33: UserWarning: No post-processing implemented. Can you think about something?
  warnings.warn('No post-processing implemented. Can you think about something?')
/storage/homefs/ac18b057/MIALab/bin/../mialab/filtering/postprocessing.py:33: UserWarning: No post-processing implemented. Can you think about something?
  warnings.warn('No post-processing implemented. Can you think about something?')
/storage/homefs/ac18b057/MIALab/bin/../mialab/filtering/postprocessing.py:33: UserWarning: No post-processing implemented. Can you think about something?
  warnings.warn('No post-processing implemented. Can you think about something?')
/storage/homefs/ac18b057/MIALab/bin/../mialab/filtering/postprocessing.py:33: UserWarning: No post-processing implemented. Can you think about something?
  warnings.warn('No post-processing implemented. Can you think about something?')
/storage/homefs/ac18b057/MIALab/bin/../mialab/filtering/postprocessing.py:33: UserWarning: No post-processing implemented. Can you think about something?
  warnings.warn('No post-processing implemented. Can you think about something?')
/storage/homefs/ac18b057/MIALab/bin/../mialab/filtering/postprocessing.py:33: UserWarning: No post-processing implemented. Can you think about something?
  warnings.warn('No post-processing implemented. Can you think about something?')
/storage/homefs/ac18b057/MIALab/bin/../mialab/filtering/postprocessing.py:33: UserWarning: No post-processing implemented. Can you think about something?
  warnings.warn('No post-processing implemented. Can you think about something?')
/storage/homefs/ac18b057/MIALab/bin/../mialab/filtering/postprocessing.py:33: UserWarning: No post-processing implemented. Can you think about something?
  warnings.warn('No post-processing implemented. Can you think about something?')
/storage/homefs/ac18b057/MIALab/bin/../mialab/filtering/postprocessing.py:33: UserWarning: No post-processing implemented. Can you think about something?
  warnings.warn('No post-processing implemented. Can you think about something?')
/storage/homefs/ac18b057/MIALab/bin/../mialab/filtering/postprocessing.py:33: UserWarning: No post-processing implemented. Can you think about something?
  warnings.warn('No post-processing implemented. Can you think about something?')
/storage/homefs/ac18b057/MIALab/bin/../mialab/filtering/postprocessing.py:33: UserWarning: No post-processing implemented. Can you think about something?
  warnings.warn('No post-processing implemented. Can you think about something?')
/storage/homefs/ac18b057/MIALab/bin/../mialab/filtering/postprocessing.py:33: UserWarning: No post-processing implemented. Can you think about something?
  warnings.warn('No post-processing implemented. Can you think about something?')
/storage/homefs/ac18b057/MIALab/bin/../mialab/filtering/postprocessing.py:33: UserWarning: No post-processing implemented. Can you think about something?
  warnings.warn('No post-processing implemented. Can you think about something?')
/storage/homefs/ac18b057/MIALab/bin/../mialab/filtering/postprocessing.py:33: UserWarning: No post-processing implemented. Can you think about something?
  warnings.warn('No post-processing implemented. Can you think about something?')
/storage/homefs/ac18b057/MIALab/bin/../mialab/filtering/postprocessing.py:33: UserWarning: No post-processing implemented. Can you think about something?
  warnings.warn('No post-processing implemented. Can you think about something?')
/storage/homefs/ac18b057/MIALab/bin/../mialab/filtering/postprocessing.py:33: UserWarning: No post-processing implemented. Can you think about something?
  warnings.warn('No post-processing implemented. Can you think about something?')
/storage/homefs/ac18b057/MIALab/bin/../mialab/filtering/postprocessing.py:33: UserWarning: No post-processing implemented. Can you think about something?
  warnings.warn('No post-processing implemented. Can you think about something?')
/storage/homefs/ac18b057/MIALab/bin/../mialab/filtering/postprocessing.py:33: UserWarning: No post-processing implemented. Can you think about something?
  warnings.warn('No post-processing implemented. Can you think about something?')
/storage/homefs/ac18b057/MIALab/bin/../mialab/filtering/postprocessing.py:33: UserWarning: No post-processing implemented. Can you think about something?
  warnings.warn('No post-processing implemented. Can you think about something?')
/storage/homefs/ac18b057/MIALab/bin/../mialab/filtering/postprocessing.py:33: UserWarning: No post-processing implemented. Can you think about something?
  warnings.warn('No post-processing implemented. Can you think about something?')
/storage/homefs/ac18b057/MIALab/bin/../mialab/filtering/postprocessing.py:33: UserWarning: No post-processing implemented. Can you think about something?
  warnings.warn('No post-processing implemented. Can you think about something?')
/storage/homefs/ac18b057/MIALab/bin/../mialab/filtering/postprocessing.py:33: UserWarning: No post-processing implemented. Can you think about something?
  warnings.warn('No post-processing implemented. Can you think about something?')
/storage/homefs/ac18b057/MIALab/bin/../mialab/filtering/postprocessing.py:33: UserWarning: No post-processing implemented. Can you think about something?
  warnings.warn('No post-processing implemented. Can you think about something?')
/storage/homefs/ac18b057/MIALab/bin/../mialab/filtering/postprocessing.py:33: UserWarning: No post-processing implemented. Can you think about something?
  warnings.warn('No post-processing implemented. Can you think about something?')
/storage/homefs/ac18b057/MIALab/bin/../mialab/filtering/postprocessing.py:33: UserWarning: No post-processing implemented. Can you think about something?
  warnings.warn('No post-processing implemented. Can you think about something?')
/storage/homefs/ac18b057/MIALab/bin/../mialab/filtering/postprocessing.py:33: UserWarning: No post-processing implemented. Can you think about something?
  warnings.warn('No post-processing implemented. Can you think about something?')
/storage/homefs/ac18b057/MIALab/bin/../mialab/filtering/postprocessing.py:33: UserWarning: No post-processing implemented. Can you think about something?
  warnings.warn('No post-processing implemented. Can you think about something?')
/storage/homefs/ac18b057/MIALab/bin/../mialab/filtering/postprocessing.py:33: UserWarning: No post-processing implemented. Can you think about something?
  warnings.warn('No post-processing implemented. Can you think about something?')
/storage/homefs/ac18b057/MIALab/bin/../mialab/filtering/postprocessing.py:33: UserWarning: No post-processing implemented. Can you think about something?
  warnings.warn('No post-processing implemented. Can you think about something?')
/storage/homefs/ac18b057/MIALab/bin/../mialab/filtering/postprocessing.py:33: UserWarning: No post-processing implemented. Can you think about something?
  warnings.warn('No post-processing implemented. Can you think about something?')
/storage/homefs/ac18b057/MIALab/bin/../mialab/filtering/postprocessing.py:33: UserWarning: No post-processing implemented. Can you think about something?
  warnings.warn('No post-processing implemented. Can you think about something?')
/storage/homefs/ac18b057/MIALab/bin/../mialab/filtering/postprocessing.py:33: UserWarning: No post-processing implemented. Can you think about something?
  warnings.warn('No post-processing implemented. Can you think about something?')
slurmstepd: error: execve(): pyhton3: No such file or directory
slurmstepd: error: execve(): pyhton3: No such file or directory
srun: error: bnode033: task 0: Exited with exit code 2
slurmstepd: error: execve(): pyhton3: No such file or directory
srun: error: bnode034: tasks 1-2: Exited with exit code 2
