[2022-11-06 09:09:14,034][HYDRA] Launching 2 jobs locally
[2022-11-06 09:09:14,035][HYDRA] 	#0 : pipeline=pipeline_big
[2022-11-06 09:09:14,035][HYDRA] Launching 2 jobs locally
[2022-11-06 09:09:14,035][HYDRA] 	#0 : pipeline=pipeline_big
[2022-11-06 09:09:14,037][HYDRA] Launching 2 jobs locally
[2022-11-06 09:09:14,037][HYDRA] 	#0 : pipeline=pipeline_big
---------- Processing 113922
---------- Processing 100307
---------- Processing 110411
---------- Processing 100408
---------- Processing 101107
---------- Processing 101915
---------- Processing 101309
---------- Processing 108828
---------- Processing 103414
---------- Processing 115320
---------- Processing 103111
---------- Processing 113619
---------- Processing 111312
---------- Processing 106016
---------- Processing 111716
---------- Processing 114419
---------- Processing 116524
---------- Processing 105115
---------- Processing 105014
---------- Processing 103818
---------- Processing 118730
---------- Processing 117122
---------- Processing 120111
---------- Processing 122620
---------- Processing 124422
---------- Processing 118528
---------- Processing 123117
---------- Processing 122317
---------- Processing 123925
---------- Processing 118932
[2022-11-06 09:09:42,410][HYDRA] 	#1 : pipeline=pipeline_small
---------- Processing 113922
---------- Processing 100307
---------- Processing 110411
---------- Processing 100408
---------- Processing 101107
---------- Processing 101915
---------- Processing 101309
---------- Processing 108828
---------- Processing 103414
---------- Processing 115320
---------- Processing 103111
---------- Processing 113619
---------- Processing 111312
---------- Processing 106016
---------- Processing 111716
---------- Processing 114419
---------- Processing 116524
---------- Processing 105115
---------- Processing 105014
---------- Processing 103818
---------- Processing 118730
---------- Processing 117122
---------- Processing 120111
---------- Processing 122620
---------- Processing 124422
---------- Processing 118528
---------- Processing 123117
---------- Processing 122317
---------- Processing 123925
---------- Processing 118932
[2022-11-06 09:09:42,448][HYDRA] 	#1 : pipeline=pipeline_small
---------- Processing 113922
---------- Processing 100307
---------- Processing 110411
---------- Processing 100408
---------- Processing 101107
---------- Processing 101915
---------- Processing 101309
---------- Processing 108828
---------- Processing 103414
---------- Processing 115320
---------- Processing 103111
---------- Processing 113619
---------- Processing 111312
---------- Processing 106016
---------- Processing 111716
---------- Processing 114419
---------- Processing 116524
---------- Processing 105115
---------- Processing 105014
---------- Processing 103818
---------- Processing 118730
---------- Processing 117122
---------- Processing 120111
---------- Processing 122620
---------- Processing 124422
---------- Processing 118528
---------- Processing 123117
---------- Processing 122317
---------- Processing 123925
---------- Processing 118932
[2022-11-06 09:09:42,454][HYDRA] 	#1 : pipeline=pipeline_small
---------- Processing 113922
---------- Processing 100307
---------- Processing 110411
---------- Processing 100408
---------- Processing 101107
---------- Processing 101915
---------- Processing 101309
---------- Processing 108828
---------- Processing 103414
---------- Processing 115320
---------- Processing 103111
---------- Processing 113619
---------- Processing 111312
---------- Processing 106016
---------- Processing 111716
---------- Processing 114419
---------- Processing 116524
---------- Processing 105115
---------- Processing 105014
---------- Processing 103818
---------- Processing 118730
---------- Processing 117122
---------- Processing 120111
---------- Processing 122620
---------- Processing 124422
---------- Processing 118528
---------- Processing 123117
---------- Processing 122317
---------- Processing 123925
---------- Processing 118932
---------- Processing 113922
---------- Processing 100307
---------- Processing 110411
---------- Processing 100408
---------- Processing 101107
---------- Processing 101915
---------- Processing 101309
---------- Processing 108828
---------- Processing 103414
---------- Processing 115320
---------- Processing 103111
---------- Processing 113619
---------- Processing 111312
---------- Processing 106016
---------- Processing 111716
---------- Processing 114419
---------- Processing 116524
---------- Processing 105115
---------- Processing 105014
---------- Processing 103818
---------- Processing 118730
---------- Processing 117122
---------- Processing 120111
---------- Processing 122620
---------- Processing 124422
---------- Processing 118528
---------- Processing 123117
---------- Processing 122317
---------- Processing 123925
---------- Processing 118932
---------- Processing 113922
---------- Processing 100307
---------- Processing 110411
---------- Processing 100408
---------- Processing 101107
---------- Processing 101915
---------- Processing 101309
---------- Processing 108828
---------- Processing 103414
---------- Processing 115320
---------- Processing 103111
---------- Processing 113619
---------- Processing 111312
---------- Processing 106016
---------- Processing 111716
---------- Processing 114419
---------- Processing 116524
---------- Processing 105115
---------- Processing 105014
---------- Processing 103818
---------- Processing 118730
---------- Processing 117122
---------- Processing 120111
---------- Processing 122620
---------- Processing 124422
---------- Processing 118528
---------- Processing 123117
---------- Processing 122317
---------- Processing 123925
---------- Processing 118932
[2022-11-06 09:10:17,541][HYDRA] Launching 3 jobs locally
[2022-11-06 09:10:17,541][HYDRA] 	#0 : pipeline=pipeline_all
[2022-11-06 09:10:17,548][HYDRA] Launching 3 jobs locally
[2022-11-06 09:10:17,548][HYDRA] 	#0 : pipeline=pipeline_all
[2022-11-06 09:10:17,557][HYDRA] Launching 3 jobs locally
[2022-11-06 09:10:17,558][HYDRA] 	#0 : pipeline=pipeline_all
----- Training...
---------- Processing 113922
---------- Processing 100307
---------- Processing 110411
---------- Processing 100408
---------- Processing 101107
---------- Processing 101915
---------- Processing 101309
---------- Processing 108828
---------- Processing 103414
---------- Processing 115320
---------- Processing 103111
---------- Processing 113619
---------- Processing 111312
---------- Processing 106016
---------- Processing 111716
---------- Processing 114419
---------- Processing 116524
---------- Processing 105115
---------- Processing 105014
---------- Processing 103818
 Time elapsed: 4.550427865236998 s
----- Testing...
[2022-11-06 09:14:14,014][HYDRA] 	#1 : pipeline=pipeline_big
----- Training...
---------- Processing 113922
---------- Processing 100307
---------- Processing 110411
---------- Processing 100408
---------- Processing 101107
---------- Processing 101915
---------- Processing 101309
---------- Processing 108828
---------- Processing 103414
---------- Processing 115320
---------- Processing 103111
---------- Processing 113619
---------- Processing 111312
---------- Processing 106016
---------- Processing 111716
---------- Processing 114419
---------- Processing 116524
---------- Processing 105115
---------- Processing 105014
---------- Processing 103818
 Time elapsed: 4.390212836675346 s
----- Testing...
[2022-11-06 09:14:15,113][HYDRA] 	#1 : pipeline=pipeline_big
----- Training...
---------- Processing 113922
---------- Processing 100307
---------- Processing 110411
---------- Processing 100408
---------- Processing 101107
---------- Processing 101915
---------- Processing 101309
---------- Processing 108828
---------- Processing 103414
---------- Processing 115320
---------- Processing 103111
---------- Processing 113619
---------- Processing 111312
---------- Processing 106016
---------- Processing 111716
---------- Processing 114419
---------- Processing 116524
---------- Processing 105115
---------- Processing 105014
---------- Processing 103818
 Time elapsed: 4.290093816816807 s
----- Testing...
[2022-11-06 09:14:15,468][HYDRA] 	#1 : pipeline=pipeline_big
----- Training...
---------- Processing 113922
---------- Processing 100307
---------- Processing 110411
---------- Processing 100408
---------- Processing 101107
---------- Processing 101915
---------- Processing 101309
---------- Processing 108828
---------- Processing 103414
---------- Processing 115320
---------- Processing 103111
---------- Processing 113619
---------- Processing 111312
---------- Processing 106016
---------- Processing 111716
---------- Processing 114419
---------- Processing 116524
---------- Processing 105115
---------- Processing 105014
---------- Processing 103818
 Time elapsed: 3.628655109554529 s
----- Testing...
[2022-11-06 09:18:09,034][HYDRA] 	#2 : pipeline=pipeline_small
----- Training...
---------- Processing 113922
---------- Processing 100307
---------- Processing 110411
---------- Processing 100408
---------- Processing 101107
---------- Processing 101915
---------- Processing 101309
---------- Processing 108828
---------- Processing 103414
---------- Processing 115320
---------- Processing 103111
---------- Processing 113619
---------- Processing 111312
---------- Processing 106016
---------- Processing 111716
---------- Processing 114419
---------- Processing 116524
---------- Processing 105115
---------- Processing 105014
---------- Processing 103818
 Time elapsed: 3.687645010650158 s
----- Testing...
[2022-11-06 09:18:10,888][HYDRA] 	#2 : pipeline=pipeline_small
----- Training...
---------- Processing 113922
---------- Processing 100307
---------- Processing 110411
---------- Processing 100408
---------- Processing 101107
---------- Processing 101915
---------- Processing 101309
---------- Processing 108828
---------- Processing 103414
---------- Processing 115320
---------- Processing 103111
---------- Processing 113619
---------- Processing 111312
---------- Processing 106016
---------- Processing 111716
---------- Processing 114419
---------- Processing 116524
---------- Processing 105115
---------- Processing 105014
---------- Processing 103818
 Time elapsed: 3.6641893638297915 s
----- Testing...
[2022-11-06 09:18:12,228][HYDRA] 	#2 : pipeline=pipeline_small
----- Training...
---------- Processing 113922
---------- Processing 100307
---------- Processing 110411
---------- Processing 100408
---------- Processing 101107
---------- Processing 101915
---------- Processing 101309
---------- Processing 108828
---------- Processing 103414
---------- Processing 115320
---------- Processing 103111
---------- Processing 113619
---------- Processing 111312
---------- Processing 106016
---------- Processing 111716
---------- Processing 114419
---------- Processing 116524
---------- Processing 105115
---------- Processing 105014
---------- Processing 103818
 Time elapsed: 1.269625454209745 s
----- Testing...
----- Training...
---------- Processing 113922
---------- Processing 100307
---------- Processing 110411
---------- Processing 100408
---------- Processing 101107
---------- Processing 101915
---------- Processing 101309
---------- Processing 108828
---------- Processing 103414
---------- Processing 115320
---------- Processing 103111
---------- Processing 113619
---------- Processing 111312
---------- Processing 106016
---------- Processing 111716
---------- Processing 114419
---------- Processing 116524
---------- Processing 105115
---------- Processing 105014
---------- Processing 103818
 Time elapsed: 1.2766730589792132 s
----- Testing...
----- Training...
---------- Processing 113922
---------- Processing 100307
---------- Processing 110411
---------- Processing 100408
---------- Processing 101107
---------- Processing 101915
---------- Processing 101309
---------- Processing 108828
---------- Processing 103414
---------- Processing 115320
---------- Processing 103111
---------- Processing 113619
---------- Processing 111312
---------- Processing 106016
---------- Processing 111716
---------- Processing 114419
---------- Processing 116524
---------- Processing 105115
---------- Processing 105014
---------- Processing 103818
 Time elapsed: 1.2674382869154215 s
----- Testing...
